0 info it worked if it ends with ok
1 verbose cli [ 'E:\\Program Files\\nodejs\\node.exe',
1 verbose cli   'C:\\Users\\fgh\\AppData\\Roaming\\npm\\node_modules\\npm\\bin\\npm-cli.js',
1 verbose cli   'start' ]
2 info using npm@3.10.9
3 info using node@v8.9.2
4 verbose run-script [ 'prestart', 'start', 'poststart' ]
5 info lifecycle diving-time@1.0.0~prestart: diving-time@1.0.0
6 silly lifecycle diving-time@1.0.0~prestart: no script for prestart, continuing
7 info lifecycle diving-time@1.0.0~start: diving-time@1.0.0
8 verbose lifecycle diving-time@1.0.0~start: unsafe-perm in lifecycle true
9 verbose lifecycle diving-time@1.0.0~start: PATH: C:\Users\fgh\AppData\Roaming\npm\node_modules\.npm_npminstall\node_modules\.3.10.9@npm\bin\node-gyp-bin;G:\main\Home Page\node_modules\.bin;C:\Users\fgh\bin;E:\Program Files\Git\mingw64\bin;E:\Program Files\Git\usr\local\bin;E:\Program Files\Git\usr\bin;E:\Program Files\Git\usr\bin;E:\Program Files\Git\mingw64\bin;E:\Program Files\Git\usr\bin;C:\Users\fgh\bin;C:\Windows\system32;C:\Windows;C:\Windows\System32\Wbem;C:\Windows\System32\WindowsPowerShell\v1.0;E:\Program Files (x86)\TortoiseSVN\bin;E:\Program Files\Git\cmd;C:\Program Files\Microsoft SQL Server\130\Tools\Binn;C:\Program Files\dotnet;E:\Program Files\nodejs;C:\Users\fgh\AppData\Local\Programs\Python\Python36\Scripts;C:\Users\fgh\AppData\Local\Programs\Python\Python36;C:\Users\fgh\AppData\Local\Programs\Python\Python37\Scripts;C:\Users\fgh\AppData\Local\Programs\Python\Python37;E:\Program Files (x86)\Microsoft VS Code\bin;C:\Users\fgh\AppData\Roaming\npm;E:\Program Files\Git\usr\bin\vendor_perl;E:\Program Files\Git\usr\bin\core_perl
10 verbose lifecycle diving-time@1.0.0~start: CWD: G:\main\Home Page
11 silly lifecycle diving-time@1.0.0~start: Args: [ '/d /s /c', 'SET NODE_ENV=development&& nodemon index.js' ]
12 silly lifecycle diving-time@1.0.0~start: Returned: code: 1  signal: null
13 info lifecycle diving-time@1.0.0~start: Failed to exec start script
14 verbose stack Error: diving-time@1.0.0 start: `SET NODE_ENV=development&& nodemon index.js`
14 verbose stack Exit status 1
14 verbose stack     at EventEmitter.<anonymous> (C:\Users\fgh\AppData\Roaming\npm\node_modules\.npm_npminstall\node_modules\.3.10.9@npm\lib\utils\lifecycle.js:255:16)
14 verbose stack     at emitTwo (events.js:126:13)
14 verbose stack     at EventEmitter.emit (events.js:214:7)
14 verbose stack     at ChildProcess.<anonymous> (C:\Users\fgh\AppData\Roaming\npm\node_modules\.npm_npminstall\node_modules\.3.10.9@npm\lib\utils\spawn.js:40:14)
14 verbose stack     at emitTwo (events.js:126:13)
14 verbose stack     at ChildProcess.emit (events.js:214:7)
14 verbose stack     at maybeClose (internal/child_process.js:925:16)
14 verbose stack     at Process.ChildProcess._handle.onexit (internal/child_process.js:209:5)
15 verbose pkgid diving-time@1.0.0
16 verbose cwd G:\main\Home Page
17 error Windows_NT 6.3.9600
18 error argv "E:\\Program Files\\nodejs\\node.exe" "C:\\Users\\fgh\\AppData\\Roaming\\npm\\node_modules\\npm\\bin\\npm-cli.js" "start"
19 error node v8.9.2
20 error npm  v3.10.9
21 error code ELIFECYCLE
22 error diving-time@1.0.0 start: `SET NODE_ENV=development&& nodemon index.js`
22 error Exit status 1
23 error Failed at the diving-time@1.0.0 start script 'SET NODE_ENV=development&& nodemon index.js'.
23 error Make sure you have the latest version of node.js and npm installed.
23 error If you do, this is most likely a problem with the diving-time package,
23 error not with npm itself.
23 error Tell the author that this fails on your system:
23 error     SET NODE_ENV=development&& nodemon index.js
23 error You can get information on how to open an issue for this project with:
23 error     npm bugs diving-time
23 error Or if that isn't available, you can get their info via:
23 error     npm owner ls diving-time
23 error There is likely additional logging output above.
24 verbose exit [ 1, true ]
